# JRE version: OpenJDK Runtime Environment (8.0_242-b01) (build 1.8.0_242-release-1644-b01)
# Java VM: OpenJDK 64-Bit Server VM (25.242-b01 mixed mode windows-amd64 compressed oops)
Heap:
 PSYoungGen      total 556032K, used 463502K [0x00000000d5580000, 0x0000000100000000, 0x0000000100000000)
  eden space 502272K, 83% used [0x00000000d5580000,0x00000000eedd9ab8,0x00000000f4000000)
  from space 53760K, 84% used [0x00000000fcb80000,0x00000000ff7c9d78,0x0000000100000000)
  to   space 98304K, 0% used [0x00000000f4000000,0x00000000f4000000,0x00000000fa000000)
 ParOldGen       total 349696K, used 232486K [0x0000000080000000, 0x0000000095580000, 0x00000000d5580000)
  object space 349696K, 66% used [0x0000000080000000,0x000000008e309a08,0x0000000095580000)
 Metaspace       used 86000K, capacity 90020K, committed 90136K, reserved 1126400K
  class space    used 11481K, capacity 12287K, committed 12336K, reserved 1048576K
GC Heap History (10 events):
Event: 32.267 GC heap before
{Heap before GC invocations=12 (full 3):
 PSYoungGen      total 500224K, used 19686K [0x00000000d5580000, 0x00000000fe600000, 0x0000000100000000)
  eden space 475136K, 0% used [0x00000000d5580000,0x00000000d5580000,0x00000000f2580000)
  from space 25088K, 78% used [0x00000000f2580000,0x00000000f38b9b58,0x00000000f3e00000)
  to   space 27136K, 0% used [0x00000000fcb80000,0x00000000fcb80000,0x00000000fe600000)
 ParOldGen       total 67072K, used 31222K [0x0000000080000000, 0x0000000084180000, 0x00000000d5580000)
  object space 67072K, 46% used [0x0000000080000000,0x0000000081e7db30,0x0000000084180000)
 Metaspace       used 57165K, capacity 59122K, committed 59160K, reserved 1099776K
  class space    used 7725K, capacity 8218K, committed 8240K, reserved 1048576K
Event: 32.763 GC heap after
Heap after GC invocations=12 (full 3):
 PSYoungGen      total 500224K, used 0K [0x00000000d5580000, 0x00000000fe600000, 0x0000000100000000)
  eden space 475136K, 0% used [0x00000000d5580000,0x00000000d5580000,0x00000000f2580000)
  from space 25088K, 0% used [0x00000000f2580000,0x00000000f2580000,0x00000000f3e00000)
  to   space 27136K, 0% used [0x00000000fcb80000,0x00000000fcb80000,0x00000000fe600000)
 ParOldGen       total 99840K, used 33476K [0x0000000080000000, 0x0000000086180000, 0x00000000d5580000)
  object space 99840K, 33% used [0x0000000080000000,0x00000000820b1230,0x0000000086180000)
 Metaspace       used 57163K, capacity 59116K, committed 59160K, reserved 1099776K
  class space    used 7724K, capacity 8217K, committed 8240K, reserved 1048576K
}
Event: 44.774 GC heap before
{Heap before GC invocations=13 (full 3):
 PSYoungGen      total 500224K, used 475136K [0x00000000d5580000, 0x00000000fe600000, 0x0000000100000000)
  eden space 475136K, 100% used [0x00000000d5580000,0x00000000f2580000,0x00000000f2580000)
  from space 25088K, 0% used [0x00000000f2580000,0x00000000f2580000,0x00000000f3e00000)
  to   space 27136K, 0% used [0x00000000fcb80000,0x00000000fcb80000,0x00000000fe600000)
 ParOldGen       total 99840K, used 33476K [0x0000000080000000, 0x0000000086180000, 0x00000000d5580000)
  object space 99840K, 33% used [0x0000000080000000,0x00000000820b1230,0x0000000086180000)
 Metaspace       used 69883K, capacity 72554K, committed 72856K, reserved 1112064K
  class space    used 9469K, capacity 10048K, committed 10160K, reserved 1048576K
Event: 44.886 GC heap after
Heap after GC invocations=13 (full 3):
 PSYoungGen      total 636928K, used 27131K [0x00000000d5580000, 0x0000000100000000, 0x0000000100000000)
  eden space 609792K, 0% used [0x00000000d5580000,0x00000000d5580000,0x00000000fa900000)
  from space 27136K, 99% used [0x00000000fcb80000,0x00000000fe5fed38,0x00000000fe600000)
  to   space 35328K, 0% used [0x00000000fa900000,0x00000000fa900000,0x00000000fcb80000)
 ParOldGen       total 99840K, used 45305K [0x0000000080000000, 0x0000000086180000, 0x00000000d5580000)
  object space 99840K, 45% used [0x0000000080000000,0x0000000082c3e4e0,0x0000000086180000)
 Metaspace       used 69883K, capacity 72554K, committed 72856K, reserved 1112064K
  class space    used 9469K, capacity 10048K, committed 10160K, reserved 1048576K
}
Event: 60.541 GC heap before
{Heap before GC invocations=14 (full 3):
 PSYoungGen      total 636928K, used 636923K [0x00000000d5580000, 0x0000000100000000, 0x0000000100000000)
  eden space 609792K, 100% used [0x00000000d5580000,0x00000000fa900000,0x00000000fa900000)
  from space 27136K, 99% used [0x00000000fcb80000,0x00000000fe5fed38,0x00000000fe600000)
  to   space 35328K, 0% used [0x00000000fa900000,0x00000000fa900000,0x00000000fcb80000)
 ParOldGen       total 99840K, used 45305K [0x0000000080000000, 0x0000000086180000, 0x00000000d5580000)
  object space 99840K, 45% used [0x0000000080000000,0x0000000082c3e4e0,0x0000000086180000)
 Metaspace       used 76903K, capacity 80348K, committed 80536K, reserved 1118208K
  class space    used 10510K, capacity 11165K, committed 11184K, reserved 1048576K
Event: 61.012 GC heap after
Heap after GC invocations=14 (full 3):
 PSYoungGen      total 645120K, used 35297K [0x00000000d5580000, 0x0000000100000000, 0x0000000100000000)
  eden space 609792K, 0% used [0x00000000d5580000,0x00000000d5580000,0x00000000fa900000)
  from space 35328K, 99% used [0x00000000fa900000,0x00000000fcb78438,0x00000000fcb80000)
  to   space 53760K, 0% used [0x00000000fcb80000,0x00000000fcb80000,0x0000000100000000)
 ParOldGen       total 206336K, used 205425K [0x0000000080000000, 0x000000008c980000, 0x00000000d5580000)
  object space 206336K, 99% used [0x0000000080000000,0x000000008c89c610,0x000000008c980000)
 Metaspace       used 76903K, capacity 80348K, committed 80536K, reserved 1118208K
  class space    used 10510K, capacity 11165K, committed 11184K, reserved 1048576K
}
Event: 61.012 GC heap before
{Heap before GC invocations=15 (full 4):
 PSYoungGen      total 645120K, used 35297K [0x00000000d5580000, 0x0000000100000000, 0x0000000100000000)
  eden space 609792K, 0% used [0x00000000d5580000,0x00000000d5580000,0x00000000fa900000)
  from space 35328K, 99% used [0x00000000fa900000,0x00000000fcb78438,0x00000000fcb80000)
  to   space 53760K, 0% used [0x00000000fcb80000,0x00000000fcb80000,0x0000000100000000)
 ParOldGen       total 206336K, used 205425K [0x0000000080000000, 0x000000008c980000, 0x00000000d5580000)
  object space 206336K, 99% used [0x0000000080000000,0x000000008c89c610,0x000000008c980000)
 Metaspace       used 76903K, capacity 80348K, committed 80536K, reserved 1118208K
  class space    used 10510K, capacity 11165K, committed 11184K, reserved 1048576K
Event: 63.682 GC heap after
Heap after GC invocations=15 (full 4):
 PSYoungGen      total 645120K, used 26469K [0x00000000d5580000, 0x0000000100000000, 0x0000000100000000)
  eden space 609792K, 0% used [0x00000000d5580000,0x00000000d5580000,0x00000000fa900000)
  from space 35328K, 74% used [0x00000000fa900000,0x00000000fc2d9438,0x00000000fcb80000)
  to   space 53760K, 0% used [0x00000000fcb80000,0x00000000fcb80000,0x0000000100000000)
 ParOldGen       total 349696K, used 206329K [0x0000000080000000, 0x0000000095580000, 0x00000000d5580000)
  object space 349696K, 59% used [0x0000000080000000,0x000000008c97e408,0x0000000095580000)
 Metaspace       used 76839K, capacity 80164K, committed 80536K, reserved 1118208K
  class space    used 10489K, capacity 11127K, committed 11184K, reserved 1048576K
}
Event: 73.585 GC heap before
{Heap before GC invocations=16 (full 4):
 PSYoungGen      total 645120K, used 634141K [0x00000000d5580000, 0x0000000100000000, 0x0000000100000000)
  eden space 609792K, 99% used [0x00000000d5580000,0x00000000fa6ee368,0x00000000fa900000)
  from space 35328K, 74% used [0x00000000fa900000,0x00000000fc2d9438,0x00000000fcb80000)
  to   space 53760K, 0% used [0x00000000fcb80000,0x00000000fcb80000,0x0000000100000000)
 ParOldGen       total 349696K, used 206329K [0x0000000080000000, 0x0000000095580000, 0x00000000d5580000)
  object space 349696K, 59% used [0x0000000080000000,0x000000008c97e408,0x0000000095580000)
 Metaspace       used 78174K, capacity 81674K, committed 81816K, reserved 1120256K
  class space    used 10641K, capacity 11358K, committed 11440K, reserved 1048576K
Event: 73.887 GC heap after
Heap after GC invocations=16 (full 4):
 PSYoungGen      total 556032K, used 45351K [0x00000000d5580000, 0x0000000100000000, 0x0000000100000000)
  eden space 502272K, 0% used [0x00000000d5580000,0x00000000d5580000,0x00000000f4000000)
  from space 53760K, 84% used [0x00000000fcb80000,0x00000000ff7c9d78,0x0000000100000000)
  to   space 98304K, 0% used [0x00000000f4000000,0x00000000f4000000,0x00000000fa000000)
 ParOldGen       total 349696K, used 232486K [0x0000000080000000, 0x0000000095580000, 0x00000000d5580000)
  object space 349696K, 66% used [0x0000000080000000,0x000000008e309a08,0x0000000095580000)
 Metaspace       used 78174K, capacity 81674K, committed 81816K, reserved 1120256K
  class space    used 10641K, capacity 11358K, committed 11440K, reserved 1048576K
}

